<?xml version="1.0" encoding="UTF-8"?>
<!-- Generated by org.testng.reporters.JUnitXMLReporter -->
<testsuite ignored="0" hostname="IB-SEZ-LAP-793" failures="1" tests="9" name="Test" time="38.096" errors="0" timestamp="2021-10-25T15:08:21 IST">
  <testcase classname="im.HomepgTest" name="TC001_LaunchURL" time="3.413"/>
  <testcase classname="im.HomepgTest" name="TC002_Login" time="7.111"/>
  <testcase classname="im.HomepgTest" name="TC003_ClickAllDevice" time="0.081"/>
  <testcase classname="im.HomepgTest" name="TC004_ClickMaintainRepair" time="0.454"/>
  <testcase classname="im.HomepgTest" name="TC005_ClickDispenseCollect" time="0.129"/>
  <testcase classname="im.HomepgTest" name="TC006_ClickSurveyReport" time="0.261"/>
  <testcase classname="im.HomepgTest" name="TC007_ClickDeviceDashboard" time="0.179"/>
  <testcase classname="im.AllDeviceTest" name="TC001_ClickAllDevice" time="0.11"/>
  <testcase classname="im.AllDeviceTest" name="TC002_CreateNewDevice" time="25.899">
    <failure type="org.openqa.selenium.ElementClickInterceptedException" message="element click intercepted: Element &amp;lt;span class=&amp;quot;ui-button-text ui-clickable&amp;quot;&amp;gt;...&amp;lt;/span&amp;gt; is not clickable at point (1426, 49). Other element would receive the click: &amp;lt;li _ngcontent-fej-c5=&amp;quot;&amp;quot; aria-haspopup=&amp;quot;true&amp;quot; class=&amp;quot;nav-item fill-width dropdown-toggle dropdown&amp;quot; id=&amp;quot;surround&amp;quot; ngbdropdown=&amp;quot;&amp;quot; ngbdropdowntoggle=&amp;quot;&amp;quot; title=&amp;quot;Notification&amp;quot; aria-expanded=&amp;quot;false&amp;quot;&amp;gt;...&amp;lt;/li&amp;gt;
  (Session info: chrome=95.0.4638.54)
Build info: version: &amp;apos;3.141.59&amp;apos;, revision: &amp;apos;e82be7d358&amp;apos;, time: &amp;apos;2018-11-14T08:17:03&amp;apos;
System info: host: &amp;apos;IB-SEZ-LAP-793&amp;apos;, ip: &amp;apos;192.168.1.12&amp;apos;, os.name: &amp;apos;Windows 10&amp;apos;, os.arch: &amp;apos;amd64&amp;apos;, os.version: &amp;apos;10.0&amp;apos;, java.version: &amp;apos;17&amp;apos;
Driver info: org.openqa.selenium.chrome.ChromeDriver
Capabilities {acceptInsecureCerts: false, browserName: chrome, browserVersion: 95.0.4638.54, chrome: {chromedriverVersion: 95.0.4638.17 (a9d0719444d4b..., userDataDir: C:\Users\ZAID~1.NEZ\AppData...}, goog:chromeOptions: {debuggerAddress: localhost:54855}, javascriptEnabled: true, networkConnectionEnabled: false, pageLoadStrategy: normal, platform: WINDOWS, platformName: WINDOWS, proxy: Proxy(), setWindowRect: true, strictFileInteractability: false, timeouts: {implicit: 0, pageLoad: 300000, script: 30000}, unhandledPromptBehavior: dismiss and notify, webauthn:extension:credBlob: true, webauthn:extension:largeBlob: true, webauthn:virtualAuthenticators: true}
Session ID: 0ae7372f31246a4f39b352f1e0c0fed5">
      <![CDATA[org.openqa.selenium.ElementClickInterceptedException: element click intercepted: Element <span class="ui-button-text ui-clickable">...</span> is not clickable at point (1426, 49). Other element would receive the click: <li _ngcontent-fej-c5="" aria-haspopup="true" class="nav-item fill-width dropdown-toggle dropdown" id="surround" ngbdropdown="" ngbdropdowntoggle="" title="Notification" aria-expanded="false">...</li>
  (Session info: chrome=95.0.4638.54)
Build info: version: '3.141.59', revision: 'e82be7d358', time: '2018-11-14T08:17:03'
System info: host: 'IB-SEZ-LAP-793', ip: '192.168.1.12', os.name: 'Windows 10', os.arch: 'amd64', os.version: '10.0', java.version: '17'
Driver info: org.openqa.selenium.chrome.ChromeDriver
Capabilities {acceptInsecureCerts: false, browserName: chrome, browserVersion: 95.0.4638.54, chrome: {chromedriverVersion: 95.0.4638.17 (a9d0719444d4b..., userDataDir: C:\Users\ZAID~1.NEZ\AppData...}, goog:chromeOptions: {debuggerAddress: localhost:54855}, javascriptEnabled: true, networkConnectionEnabled: false, pageLoadStrategy: normal, platform: WINDOWS, platformName: WINDOWS, proxy: Proxy(), setWindowRect: true, strictFileInteractability: false, timeouts: {implicit: 0, pageLoad: 300000, script: 30000}, unhandledPromptBehavior: dismiss and notify, webauthn:extension:credBlob: true, webauthn:extension:largeBlob: true, webauthn:virtualAuthenticators: true}
Session ID: 0ae7372f31246a4f39b352f1e0c0fed5
at org.openqa.selenium.remote.http.W3CHttpResponseCodec.createException(W3CHttpResponseCodec.java:187)
at org.openqa.selenium.remote.http.W3CHttpResponseCodec.decode(W3CHttpResponseCodec.java:122)
at org.openqa.selenium.remote.http.W3CHttpResponseCodec.decode(W3CHttpResponseCodec.java:49)
at org.openqa.selenium.remote.HttpCommandExecutor.execute(HttpCommandExecutor.java:158)
at org.openqa.selenium.remote.service.DriverCommandExecutor.execute(DriverCommandExecutor.java:83)
at org.openqa.selenium.remote.RemoteWebDriver.execute(RemoteWebDriver.java:552)
at org.openqa.selenium.remote.RemoteWebElement.execute(RemoteWebElement.java:285)
at org.openqa.selenium.remote.RemoteWebElement.click(RemoteWebElement.java:84)
at pages.AllDevice.CreateNewDevice(AllDevice.java:32)
at im.AllDeviceTest.TC002_CreateNewDevice(AllDeviceTest.java:36)
at java.base/java.util.ArrayList.forEach(ArrayList.java:1511)
... Removed 32 stack frames]]>
    </failure>
  </testcase> <!-- TC002_CreateNewDevice -->
</testsuite> <!-- Test -->
